#
# A fatal error has been detected by the Java Runtime Environment:
#
#  EXCEPTION_ACCESS_VIOLATION (0xc0000005) at pc=0x00007ffa50631f21, pid=6132, tid=10512
#
# JRE version: OpenJDK Runtime Environment Temurin-17.0.6+10 (17.0.6+10) (build 17.0.6+10)
# Java VM: OpenJDK 64-Bit Server VM Temurin-17.0.6+10 (17.0.6+10, mixed mode, emulated-client, tiered, compressed oops, compressed class ptrs, g1 gc, windows-amd64)
# Problematic frame:
# V  [jvm.dll+0x2f1f21]
#
# No core dump will be written. Minidumps are not enabled by default on client versions of Windows
#
# If you would like to submit a bug report, please visit:
#   https://github.com/adoptium/adoptium-support/issues
#

---------------  S U M M A R Y ------------

Command Line: -XX:+HeapDumpOnOutOfMemoryError -Xmx1024m -Dsts.lsp.client=vscode -Dsts.log.file=/dev/null -XX:TieredStopAtLevel=1 -Xlog:jni+resolve=off -Dspring.config.location=file:c:\Users\Ayush\.vscode\extensions\vmware.vscode-spring-boot-1.48.0\language-server\BOOT-INF\classes\application.properties org.springframework.ide.vscode.boot.app.BootLanguageServerBootApp

Host: AMD Ryzen 5 3550H with Radeon Vega Mobile Gfx  , 8 cores, 5G,  Windows 10 , 64 bit Build 19041 (10.0.19041.3155)
Time: Thu Aug 24 17:47:16 2023 India Standard Time elapsed time: 13769.431134 seconds (0d 3h 49m 29s)

---------------  T H R E A D  ---------------

Current thread (0x000002378d7a57b0):  GCTaskThread "GC Thread#3" [stack: 0x000000741c500000,0x000000741c600000] [id=10512]

Stack: [0x000000741c500000,0x000000741c600000],  sp=0x000000741c5ff8e0,  free space=1022k
Native frames: (J=compiled Java code, j=interpreted, Vv=VM code, C=native code)
V  [jvm.dll+0x2f1f21]
V  [jvm.dll+0x2f041a]
V  [jvm.dll+0x2f6424]
V  [jvm.dll+0x2f5e1d]
V  [jvm.dll+0x2f56bd]
V  [jvm.dll+0x8612eb]
V  [jvm.dll+0x861336]
V  [jvm.dll+0x7e483a]
V  [jvm.dll+0x6762c5]
C  [ucrtbase.dll+0x21bb2]
C  [KERNEL32.DLL+0x17614]
C  [ntdll.dll+0x526b1]


siginfo: EXCEPTION_ACCESS_VIOLATION (0xc0000005), reading address 0xffffffffffffffff


Register to memory mapping:

RIP=0x00007ffa50631f21 jvm.dll
RAX=0x00000237885d0000 points into unknown readable memory: 0x0000000000000001 | 01 00 00 00 00 00 00 00
RBX=0x00000237ffd14100 points into unknown readable memory: 0x00007ffa50c935a8 | a8 35 c9 50 fa 7f 00 00
RCX=0x0000000000000059 is an unknown value
RDX=0x1fffffffff9eb659 is an unknown value
RSP=0x000000741c5ff8e0 points into unknown readable memory: 0x00000237ffd14100 | 00 41 d1 ff 37 02 00 00
RBP=0x00000000c1cd4020 is an oop: java.lang.String 
{0x00000000c1cd4020} - klass: 'java/lang/String'
 - string: "/modules/java.base/java/util/ArrayList.class"
RSI=0x0000023791bcab40 points into unknown readable memory: 0x000000741b6feef0 | f0 ee 6f 1b 74 00 00 00
RDI=0x00000000bcf5b2cc is an unknown value
R8 =0x040002378850d6c8 is an unknown value
R9 =0x0 is NULL
R10=0x0000000000000003 is an unknown value
R11=0x0 is NULL
R12=0x00000001003df640 is a pointer to class: 
java.util.concurrent.CompletableFuture$Signaller {0x00000001003df648}
 - instance size:     6
 - klass size:        91
 - access:            final synchronized 
 - state:             fully_initialized
 - name:              'java/util/concurrent/CompletableFuture$Signaller'
 - super:             'java/util/concurrent/CompletableFuture$Completion'
 - sub:               
 - arrays:            NULL
 - methods:           Array<T>(0x000002378ff5ba00)
 - method ordering:   Array<T>(0x000002378c400018)
 - default_methods:   Array<T>(0x0000000000000000)
 - local interfaces:  Array<T>(0x000002378ff5b9a8)
 - trans. interfaces: Array<T>(0x000002378ff5bdc0)
 - constants:         constant pool [79] {0x000002378ff5b6a8} for 'java/util/concurrent/CompletableFuture$Signaller' cache=0x000002378ff5bdf0
 - class loader data:  loader data: 0x000002378be9a000 of 'bootstrap'
 - class annotations:       Array<T>(0x0000000000000000)
 - class type annotations:  Array<T>(0x0000000000000000)
 - field annotations:       Array<T>(0x0000000000000000)
 - field type annotations:  Array<T>(0x0000000000000000)
 - inner classes:     Array<T>(0x000002378ff5bd98)
 - nest members:     Array<T>(0x000002378c400028)
 - permitted subclasses:     Array<T>(0x000002378c400028)
 - java mirror:       a 'java/lang/Class'{0x00000000c1829760} = 'java/util/concurrent/CompletableFuture$Signaller'
 - vtable length      16  (start addr: 0x00000001003df808)
 - itable length      16 (start addr: 0x00000001003df888)
 - ---- static fields (0 words):
 - ---- non-static fields (9 words):
 - volatile 'status' 'I' @12 
 - private volatile transient 'aux' 'Ljava/util/concurrent/ForkJoinTask$Aux;' @16 
 - volatile 'next' 'Ljava/util/concurrent/CompletableFuture$Completion;' @20 
 - 'nanos' 'J' @24 
 - final 'deadline' 'J' @32 
 - final 'interruptible' 'Z' @40 
 - 'interrupted' 'Z' @41 
 - volatile 'thread' 'Ljava/lang/Thread;' @44 
 - non-static oop maps: 16-20 44-44 
R13=0x00000000c1cd4000 is an oop: jdk.internal.jimage.ImageReader$Resource 
{0x00000000c1cd4000} - klass: 'jdk/internal/jimage/ImageReader$Resource'
 - ---- fields (total size 4 words):
 - private 'flags' 'I' @12  0
 - private 'completed' 'Z' @16  true (c8)
 - private final 'name' 'Ljava/lang/String;' @20  
[error occurred during error reporting (printing register info), id 0xc0000005, EXCEPTION_ACCESS_VIOLATION (0xc0000005) at pc=0x00007ffa506d02ee]

Registers:
RAX=0x00000237885d0000, RBX=0x00000237ffd14100, RCX=0x0000000000000059, RDX=0x1fffffffff9eb659
RSP=0x000000741c5ff8e0, RBP=0x00000000c1cd4020, RSI=0x0000023791bcab40, RDI=0x00000000bcf5b2cc
R8 =0x040002378850d6c8, R9 =0x0000000000000000, R10=0x0000000000000003, R11=0x0000000000000000
R12=0x00000001003df640, R13=0x00000000c1cd4000, R14=0x00000001003df638, R15=0x0000023791bcb0f0
RIP=0x00007ffa50631f21, EFLAGS=0x0000000000010212

Top of Stack: (sp=0x000000741c5ff8e0)
0x000000741c5ff8e0:   00000237ffd14100 00007ffa50631efe
0x000000741c5ff8f0:   00000237ffd14100 00007ffa50630f91
0x000000741c5ff900:   00000000c1d5a6d8 000000520ff3f209
0x000000741c5ff910:   00000000bcf5b2cc 00007ffa5063041a
0x000000741c5ff920:   00000000c1cd4014 0000023791bcab40
0x000000741c5ff930:   00000000c1794f98 0000023791bcab40
0x000000741c5ff940:   000000000000000c 0000000000000010
0x000000741c5ff950:   00007ffa50340000 0000000000000000
0x000000741c5ff960:   0000023791bcab40 00007ffa50636424
0x000000741c5ff970:   0000000000000014 00000000c1cd4000
0x000000741c5ff980:   00007ffa50340000 00007ffa50340000
0x000000741c5ff990:   0000000000000000 0000000000000000
0x000000741c5ff9a0:   00000000c1cd2840 0000000000000000
0x000000741c5ff9b0:   0000000000000000 0000000000000000
0x000000741c5ff9c0:   0000000000000000 000002378cc5b820
0x000000741c5ff9d0:   000000000000000c 000000741b6ff120 

Instructions: (pc=0x00007ffa50631f21)
0x00007ffa50631e21:   00 48 8b 7c 24 30 48 83 c4 20 5b c3 cc cc cc 40
0x00007ffa50631e31:   57 48 83 ec 20 8b 02 48 8b f9 85 c0 74 3b 8b 0d
0x00007ffa50631e41:   93 c4 80 00 48 8b 7f 10 48 89 5c 24 30 8b d8 48
0x00007ffa50631e51:   d3 e3 48 8b cf 48 03 1d 73 c4 80 00 48 8b d3 e8
0x00007ffa50631e61:   5b 00 00 00 84 c0 74 0c 48 8d 4f 18 48 8b d3 e8
0x00007ffa50631e71:   ab 06 00 00 48 8b 5c 24 30 48 83 c4 20 5f c3 e9
0x00007ffa50631e81:   db 4d 00 00 cc cc cc cc cc cc cc cc cc cc cc e9
0x00007ffa50631e91:   4b 51 00 00 cc cc cc cc cc cc cc cc cc cc cc 48
0x00007ffa50631ea1:   8b 01 48 8b 80 c8 04 00 00 48 8b 80 98 00 00 00
0x00007ffa50631eb1:   c3 cc cc cc cc cc cc cc cc cc cc cc cc cc cc 48
0x00007ffa50631ec1:   89 5c 24 08 48 89 74 24 10 57 48 83 ec 30 48 8b
0x00007ffa50631ed1:   01 48 8b f1 4c 8b c2 48 8b fa 8b 88 18 03 00 00
0x00007ffa50631ee1:   48 8b 80 08 03 00 00 49 d3 e8 41 80 3c 00 02 74
0x00007ffa50631ef1:   60 48 8b 5e 10 48 8b cb 48 8b 03 ff 10 8b 4b 18
0x00007ffa50631f01:   48 8b d7 48 2b 53 08 48 8b 43 20 48 c1 ea 03 48
0x00007ffa50631f11:   d3 ea 48 8b ca 48 c1 e9 06 4c 8d 04 c8 0f b6 ca
0x00007ffa50631f21:   49 8b 00 80 e1 3f ba 01 00 00 00 48 d3 e2 48 8b
0x00007ffa50631f31:   c8 48 0b ca 48 3b c8 74 18 66 0f 1f 44 00 00 f0
0x00007ffa50631f41:   49 0f b1 08 74 1d 48 8b c8 48 0b ca 48 3b c8 75
0x00007ffa50631f51:   ee 32 c0 48 8b 5c 24 40 48 8b 74 24 48 48 83 c4
0x00007ffa50631f61:   30 5f c3 4c 8b 07 44 0f b6 0d 10 85 87 00 49 8b
0x00007ffa50631f71:   d0 44 8b 15 6f c3 80 00 83 e2 07 80 3d bd 85 87
0x00007ffa50631f81:   00 00 4c 8b 1d 56 c3 80 00 74 2e 48 83 fa 05 0f
0x00007ffa50631f91:   84 ab 00 00 00 45 84 c9 74 0e 8b 47 08 41 8b ca
0x00007ffa50631fa1:   48 d3 e0 49 03 c3 eb 04 48 8b 47 08 0f b6 80 b8
0x00007ffa50631fb1:   00 00 00 24 07 3c 05 74 15 48 83 fa 01 75 0f 48
0x00007ffa50631fc1:   b8 00 ff ff ff 7f 00 00 00 4c 85 c0 74 72 48 8b
0x00007ffa50631fd1:   06 48 8b d7 8b 88 18 03 00 00 48 8b 80 08 03 00
0x00007ffa50631fe1:   00 48 d3 ea 80 3c 02 00 75 56 48 8b 9e a8 05 00
0x00007ffa50631ff1:   00 48 89 7c 24 20 4c 89 44 24 28 48 8b 53 20 48
0x00007ffa50632001:   3b 53 08 75 0a 48 8b cb e8 c2 b0 f5 ff 33 d2 48
0x00007ffa50632011:   8b 43 38 48 8b ca 0f 10 44 24 20 48 03 c9 0f 11 


Stack slot to memory mapping:
stack at sp + 0 slots: 0x00000237ffd14100 points into unknown readable memory: 0x00007ffa50c935a8 | a8 35 c9 50 fa 7f 00 00
stack at sp + 1 slots: 0x00007ffa50631efe jvm.dll
stack at sp + 2 slots: 0x00000237ffd14100 points into unknown readable memory: 0x00007ffa50c935a8 | a8 35 c9 50 fa 7f 00 00
stack at sp + 3 slots: 0x00007ffa50630f91 jvm.dll
stack at sp + 4 slots: 0x00000000c1d5a6d8 is an oop: [Ljava.security.CodeSigner; 
{0x00000000c1d5a6d8} - klass: 'java/security/CodeSigner'[]
 - length: 1
stack at sp + 5 slots: 0x000000520ff3f209 is an unknown value
stack at sp + 6 slots: 0x00000000bcf5b2cc is an unknown value
stack at sp + 7 slots: 0x00007ffa5063041a jvm.dll


---------------  P R O C E S S  ---------------

Threads class SMR info:
_java_thread_list=0x000002378ccfc080, length=28, elements={
0x000002378c035380, 0x000002378c0361f0, 0x000002378c05b810, 0x000002378c05c680,
0x000002378c05e040, 0x000002378c05e9f0, 0x000002378cc0b480, 0x000002378cc0be70,
0x000002378ce1ddb0, 0x000002378ce295b0, 0x000002378cd29790, 0x000002378d7250d0,
0x000002378d5bfe50, 0x000002378e2a6260, 0x00000237ffcd46b0, 0x000002378dee4a90,
0x000002378e38d970, 0x000002378e3bfdf0, 0x000002378d5c6a50, 0x000002378d5c78c0,
0x000002378d5c7d90, 0x00000237919bcc60, 0x00000237919bdfa0, 0x000002378e3e3a20,
0x000002378e3e2bb0, 0x000002379187a440, 0x000002379187ade0, 0x000002379187a910
}

Java Threads: ( => current thread )
  0x000002378c035380 JavaThread "Reference Handler" daemon [_thread_blocked, id=19448, stack(0x000000741b700000,0x000000741b800000)]
  0x000002378c0361f0 JavaThread "Finalizer" daemon [_thread_blocked, id=15088, stack(0x000000741b800000,0x000000741b900000)]
  0x000002378c05b810 JavaThread "Signal Dispatcher" daemon [_thread_blocked, id=17204, stack(0x000000741b900000,0x000000741ba00000)]
  0x000002378c05c680 JavaThread "Attach Listener" daemon [_thread_blocked, id=22548, stack(0x000000741ba00000,0x000000741bb00000)]
  0x000002378c05e040 JavaThread "Service Thread" daemon [_thread_blocked, id=14132, stack(0x000000741bb00000,0x000000741bc00000)]
  0x000002378c05e9f0 JavaThread "Monitor Deflation Thread" daemon [_thread_blocked, id=19220, stack(0x000000741bc00000,0x000000741bd00000)]
  0x000002378cc0b480 JavaThread "C1 CompilerThread0" daemon [_thread_blocked, id=9584, stack(0x000000741bd00000,0x000000741be00000)]
  0x000002378cc0be70 JavaThread "Sweeper thread" daemon [_thread_blocked, id=22260, stack(0x000000741be00000,0x000000741bf00000)]
  0x000002378ce1ddb0 JavaThread "Notification Thread" daemon [_thread_blocked, id=13268, stack(0x000000741c000000,0x000000741c100000)]
  0x000002378ce295b0 JavaThread "Common-Cleaner" daemon [_thread_blocked, id=2180, stack(0x000000741c200000,0x000000741c300000)]
  0x000002378cd29790 JavaThread "boundedElastic-evictor-1" daemon [_thread_blocked, id=6136, stack(0x000000741cb00000,0x000000741cc00000)]
  0x000002378d7250d0 JavaThread "boundedElastic-evictor-2" daemon [_thread_blocked, id=8384, stack(0x000000741cf00000,0x000000741d000000)]
  0x000002378d5bfe50 JavaThread "pool-11-thread-1" [_thread_blocked, id=7084, stack(0x000000741d000000,0x000000741d100000)]
  0x000002378e2a6260 JavaThread "LanguageServerApp-lifecycle" [_thread_blocked, id=20332, stack(0x000000741d100000,0x000000741d200000)]
  0x00000237ffcd46b0 JavaThread "DestroyJavaVM" [_thread_blocked, id=3844, stack(0x000000741b000000,0x000000741b100000)]
  0x000002378dee4a90 JavaThread "pool-12-thread-1" [_thread_in_native, id=19956, stack(0x000000741d200000,0x000000741d300000)]
  0x000002378e38d970 JavaThread "Simple-Language-Server main thread" daemon [_thread_blocked, id=6260, stack(0x000000741d300000,0x000000741d400000)]
  0x000002378e3bfdf0 JavaThread "pool-7-thread-1" [_thread_blocked, id=9708, stack(0x000000741d400000,0x000000741d500000)]
  0x000002378d5c6a50 JavaThread "parallel-1" daemon [_thread_blocked, id=20392, stack(0x000000741e400000,0x000000741e500000)]
  0x000002378d5c78c0 JavaThread "pool-5-thread-1" [_thread_blocked, id=21888, stack(0x000000741e600000,0x000000741e700000)]
  0x000002378d5c7d90 JavaThread "parallel-2" daemon [_thread_blocked, id=21608, stack(0x000000741e800000,0x000000741e900000)]
  0x00000237919bcc60 JavaThread "parallel-3" daemon [_thread_blocked, id=19412, stack(0x000000741d700000,0x000000741d800000)]
  0x00000237919bdfa0 JavaThread "parallel-4" daemon [_thread_blocked, id=17828, stack(0x000000741d800000,0x000000741d900000)]
  0x000002378e3e3a20 JavaThread "Reconciler-1" daemon [_thread_blocked, id=12816, stack(0x000000741d900000,0x000000741da00000)]
  0x000002378e3e2bb0 JavaThread "parallel-5" daemon [_thread_blocked, id=18196, stack(0x000000741bf00000,0x000000741c000000)]
  0x000002379187a440 JavaThread "parallel-6" daemon [_thread_blocked, id=18764, stack(0x000000741cc00000,0x000000741cd00000)]
  0x000002379187ade0 JavaThread "parallel-7" daemon [_thread_blocked, id=5812, stack(0x000000741cd00000,0x000000741ce00000)]
  0x000002379187a910 JavaThread "parallel-8" daemon [_thread_blocked, id=13072, stack(0x000000741ca00000,0x000000741cb00000)]

Other Threads:
  0x000002378c020d30 VMThread "VM Thread" [stack: 0x000000741b600000,0x000000741b700000] [id=21488]
  0x00000237ffd83390 WatcherThread [stack: 0x000000741c100000,0x000000741c200000] [id=15036]
  0x00000237ffd13ab0 GCTaskThread "GC Thread#0" [stack: 0x000000741b100000,0x000000741b200000] [id=13752]
  0x000002378d7f7920 GCTaskThread "GC Thread#1" [stack: 0x000000741c300000,0x000000741c400000] [id=4960]
  0x000002378d7a5500 GCTaskThread "GC Thread#2" [stack: 0x000000741c400000,0x000000741c500000] [id=3484]
=>0x000002378d7a57b0 GCTaskThread "GC Thread#3" [stack: 0x000000741c500000,0x000000741c600000] [id=10512]
  0x000002378da64960 GCTaskThread "GC Thread#4" [stack: 0x000000741c600000,0x000000741c700000] [id=22028]
  0x000002378da65c20 GCTaskThread "GC Thread#5" [stack: 0x000000741c700000,0x000000741c800000] [id=15836]
  0x000002378da65ed0 GCTaskThread "GC Thread#6" [stack: 0x000000741c800000,0x000000741c900000] [id=17400]
  0x000002378da66180 GCTaskThread "GC Thread#7" [stack: 0x000000741c900000,0x000000741ca00000] [id=18348]
  0x00000237ffd1c9f0 ConcurrentGCThread "G1 Main Marker" [stack: 0x000000741b200000,0x000000741b300000] [id=9820]
  0x00000237ffd1d400 ConcurrentGCThread "G1 Conc#0" [stack: 0x000000741b300000,0x000000741b400000] [id=9320]
  0x000002378dd03420 ConcurrentGCThread "G1 Conc#1" [stack: 0x000000741ce00000,0x000000741cf00000] [id=15960]
  0x00000237ffd9e6c0 ConcurrentGCThread "G1 Refine#0" [stack: 0x000000741b400000,0x000000741b500000] [id=20740]
  0x0000023790ec7d00 ConcurrentGCThread "G1 Refine#1" [stack: 0x000000741e900000,0x000000741ea00000] [id=13576]
  0x00000237912cfc40 ConcurrentGCThread "G1 Refine#2" [stack: 0x000000741ea00000,0x000000741eb00000] [id=19440]
  0x00000237914486e0 ConcurrentGCThread "G1 Refine#3" [stack: 0x000000741ed00000,0x000000741ee00000] [id=16756]
  0x0000023791868720 ConcurrentGCThread "G1 Refine#4" [stack: 0x000000741f100000,0x000000741f200000] [id=22440]
  0x00000237918675e0 ConcurrentGCThread "G1 Refine#5" [stack: 0x000000741d600000,0x000000741d700000] [id=12640]
  0x000002378be96240 ConcurrentGCThread "G1 Service" [stack: 0x000000741b500000,0x000000741b600000] [id=16700]

Threads with active compile tasks:

VM state: at safepoint (normal execution)

VM Mutex/Monitor currently owned by a thread:  ([mutex/lock_event])
[0x00000237ff05e680] Threads_lock - owner thread: 0x000002378c020d30
[0x00000237ffcd0b60] Heap_lock - owner thread: 0x000002378d5bfe50

Heap address: 0x00000000c0000000, size: 1024 MB, Compressed Oops mode: 32-bit

CDS archive(s) not mapped
Compressed class space mapped at: 0x0000000100000000-0x0000000140000000, reserved size: 1073741824
Narrow klass base: 0x0000000000000000, Narrow klass shift: 3, Narrow klass range: 0x140000000

GC Precious Log:
 CPUs: 8 total, 8 available
 Memory: 6019M
 Large Page Support: Disabled
 NUMA Support: Disabled
 Compressed Oops: Enabled (32-bit)
 Heap Region Size: 1M
 Heap Min Capacity: 8M
 Heap Initial Capacity: 96M
 Heap Max Capacity: 1G
 Pre-touch: Disabled
 Parallel Workers: 8
 Concurrent Workers: 2
 Concurrent Refinement Workers: 8
 Periodic GC: Disabled

Heap:
 garbage-first heap   total 140288K, used 45649K [0x00000000c0000000, 0x0000000100000000)
  region size 1024K, 1 young (1024K), 0 survivors (0K)
 Metaspace       used 68335K, committed 68928K, reserved 1114112K
  class space    used 9308K, committed 9600K, reserved 1048576K

Heap Regions: E=young(eden), S=young(survivor), O=old, HS=humongous(starts), HC=humongous(continues), CS=collection set, F=free, OA=open archive, CA=closed archive, TAMS=top-at-mark-start (previous, next)
|   0|0x00000000c0000000, 0x00000000c0100000, 0x00000000c0100000|100%| O|  |TAMS 0x00000000c0100000, 0x00000000c0000000| Untracked 
|   1|0x00000000c0100000, 0x00000000c0200000, 0x00000000c0200000|100%| O|  |TAMS 0x00000000c0200000, 0x00000000c0100000| Untracked 
|   2|0x00000000c0200000, 0x00000000c02fffe0, 0x00000000c0300000| 99%| O|  |TAMS 0x00000000c02fffe0, 0x00000000c0200000| Untracked 
|   3|0x00000000c0300000, 0x00000000c03ffff0, 0x00000000c0400000| 99%| O|  |TAMS 0x00000000c03ffff0, 0x00000000c0300000| Untracked 
|   4|0x00000000c0400000, 0x00000000c04fff98, 0x00000000c0500000| 99%| O|  |TAMS 0x00000000c04fff98, 0x00000000c0400000| Untracked 
|   5|0x00000000c0500000, 0x00000000c05fffe0, 0x00000000c0600000| 99%| O|  |TAMS 0x00000000c05fffe0, 0x00000000c0500000| Untracked 
|   6|0x00000000c0600000, 0x00000000c06ffff8, 0x00000000c0700000| 99%| O|  |TAMS 0x00000000c06ffff8, 0x00000000c0600000| Untracked 
|   7|0x00000000c0700000, 0x00000000c0800000, 0x00000000c0800000|100%| O|  |TAMS 0x00000000c0800000, 0x00000000c0700000| Untracked 
|   8|0x00000000c0800000, 0x00000000c08ffeb0, 0x00000000c0900000| 99%| O|  |TAMS 0x00000000c08ffeb0, 0x00000000c0800000| Untracked 
|   9|0x00000000c0900000, 0x00000000c09ffff8, 0x00000000c0a00000| 99%| O|  |TAMS 0x00000000c09ffff8, 0x00000000c0900000| Untracked 
|  10|0x00000000c0a00000, 0x00000000c0b00000, 0x00000000c0b00000|100%| O|  |TAMS 0x00000000c0b00000, 0x00000000c0a00000| Untracked 
|  11|0x00000000c0b00000, 0x00000000c0bfffb8, 0x00000000c0c00000| 99%| O|  |TAMS 0x00000000c0bfffb8, 0x00000000c0b00000| Untracked 
|  12|0x00000000c0c00000, 0x00000000c0cffff8, 0x00000000c0d00000| 99%| O|  |TAMS 0x00000000c0cffff8, 0x00000000c0c00000| Untracked 
|  13|0x00000000c0d00000, 0x00000000c0dff640, 0x00000000c0e00000| 99%| O|  |TAMS 0x00000000c0dff640, 0x00000000c0d00000| Untracked 
|  14|0x00000000c0e00000, 0x00000000c0f00000, 0x00000000c0f00000|100%| O|  |TAMS 0x00000000c0f00000, 0x00000000c0e00000| Untracked 
|  15|0x00000000c0f00000, 0x00000000c0ffffd0, 0x00000000c1000000| 99%| O|  |TAMS 0x00000000c0ffffd0, 0x00000000c0f00000| Untracked 
|  16|0x00000000c1000000, 0x00000000c10fffd0, 0x00000000c1100000| 99%| O|  |TAMS 0x00000000c10fffd0, 0x00000000c1000000| Untracked 
|  17|0x00000000c1100000, 0x00000000c11ffff8, 0x00000000c1200000| 99%| O|  |TAMS 0x00000000c11ffff8, 0x00000000c1100000| Untracked 
|  18|0x00000000c1200000, 0x00000000c12fffd0, 0x00000000c1300000| 99%| O|  |TAMS 0x00000000c12fffd0, 0x00000000c1200000| Untracked 
|  19|0x00000000c1300000, 0x00000000c13fffe0, 0x00000000c1400000| 99%| O|  |TAMS 0x00000000c13fffe0, 0x00000000c1300000| Untracked 
|  20|0x00000000c1400000, 0x00000000c14ffff8, 0x00000000c1500000| 99%| O|  |TAMS 0x00000000c14ffff8, 0x00000000c1400000| Untracked 
|  21|0x00000000c1500000, 0x00000000c15ffff0, 0x00000000c1600000| 99%| O|  |TAMS 0x00000000c15ffff0, 0x00000000c1500000| Untracked 
|  22|0x00000000c1600000, 0x00000000c16ffff8, 0x00000000c1700000| 99%| O|  |TAMS 0x00000000c16ffff8, 0x00000000c1600000| Untracked 
|  23|0x00000000c1700000, 0x00000000c17fffc8, 0x00000000c1800000| 99%| O|  |TAMS 0x00000000c17fffc8, 0x00000000c1700000| Untracked 
|  24|0x00000000c1800000, 0x00000000c18fffc0, 0x00000000c1900000| 99%| O|  |TAMS 0x00000000c18fffc0, 0x00000000c1800000| Untracked 
|  25|0x00000000c1900000, 0x00000000c19fffe0, 0x00000000c1a00000| 99%| O|  |TAMS 0x00000000c19fffe0, 0x00000000c1900000| Untracked 
|  26|0x00000000c1a00000, 0x00000000c1b00000, 0x00000000c1b00000|100%| O|  |TAMS 0x00000000c1b00000, 0x00000000c1a00000| Untracked 
|  27|0x00000000c1b00000, 0x00000000c1bfaa80, 0x00000000c1c00000| 97%| O|  |TAMS 0x00000000c1bfaa80, 0x00000000c1b00000| Untracked 
|  28|0x00000000c1c00000, 0x00000000c1d00000, 0x00000000c1d00000|100%| O|  |TAMS 0x00000000c1d00000, 0x00000000c1c00000| Untracked 
|  29|0x00000000c1d00000, 0x00000000c1e00000, 0x00000000c1e00000|100%| O|  |TAMS 0x00000000c1e00000, 0x00000000c1d00000| Untracked 
|  30|0x00000000c1e00000, 0x00000000c1f00000, 0x00000000c1f00000|100%| O|  |TAMS 0x00000000c1f00000, 0x00000000c1e00000| Untracked 
|  31|0x00000000c1f00000, 0x00000000c1fffd00, 0x00000000c2000000| 99%| O|  |TAMS 0x00000000c1fffd00, 0x00000000c1f00000| Untracked 
|  32|0x00000000c2000000, 0x00000000c2100000, 0x00000000c2100000|100%| O|  |TAMS 0x00000000c2100000, 0x00000000c2000000| Untracked 
|  33|0x00000000c2100000, 0x00000000c21ffff8, 0x00000000c2200000| 99%| O|  |TAMS 0x00000000c21ffff8, 0x00000000c2100000| Untracked 
|  34|0x00000000c2200000, 0x00000000c22ffff0, 0x00000000c2300000| 99%| O|  |TAMS 0x00000000c22ffff0, 0x00000000c2200000| Untracked 
|  35|0x00000000c2300000, 0x00000000c23fffb8, 0x00000000c2400000| 99%| O|  |TAMS 0x00000000c23fffb8, 0x00000000c2300000| Untracked 
|  36|0x00000000c2400000, 0x00000000c24ff7f0, 0x00000000c2500000| 99%| O|  |TAMS 0x00000000c24ff7f0, 0x00000000c2400000| Untracked 
|  37|0x00000000c2500000, 0x00000000c25ff020, 0x00000000c2600000| 99%| O|  |TAMS 0x00000000c25ff020, 0x00000000c2500000| Untracked 
|  38|0x00000000c2600000, 0x00000000c26ffff8, 0x00000000c2700000| 99%| O|  |TAMS 0x00000000c26ffff8, 0x00000000c2600000| Untracked 
|  39|0x00000000c2700000, 0x00000000c27fffe8, 0x00000000c2800000| 99%| O|  |TAMS 0x00000000c27fffe8, 0x00000000c2700000| Untracked 
|  40|0x00000000c2800000, 0x00000000c28f01d8, 0x00000000c2900000| 93%| O|  |TAMS 0x00000000c2800000, 0x00000000c2800000| Untracked 
|  41|0x00000000c2900000, 0x00000000c2993c98, 0x00000000c2a00000| 57%| O|  |TAMS 0x00000000c2900000, 0x00000000c2900000| Untracked 
|  42|0x00000000c2a00000, 0x00000000c2affe80, 0x00000000c2b00000| 99%| O|  |TAMS 0x00000000c2affe80, 0x00000000c2a00000| Untracked 
|  43|0x00000000c2b00000, 0x00000000c2b00000, 0x00000000c2c00000|  0%| F|  |TAMS 0x00000000c2b00000, 0x00000000c2b00000| Untracked 
|  44|0x00000000c2c00000, 0x00000000c2c00000, 0x00000000c2d00000|  0%| F|  |TAMS 0x00000000c2c00000, 0x00000000c2c00000| Untracked 
|  45|0x00000000c2d00000, 0x00000000c2e00000, 0x00000000c2e00000|100%| O|  |TAMS 0x00000000c2e00000, 0x00000000c2d00000| Untracked 
|  46|0x00000000c2e00000, 0x00000000c2e00000, 0x00000000c2f00000|  0%| F|  |TAMS 0x00000000c2e00000, 0x00000000c2e00000| Untracked 
|  47|0x00000000c2f00000, 0x00000000c2f00000, 0x00000000c3000000|  0%| F|  |TAMS 0x00000000c2f00000, 0x00000000c2f00000| Untracked 
|  48|0x00000000c3000000, 0x00000000c3000000, 0x00000000c3100000|  0%| F|  |TAMS 0x00000000c3000000, 0x00000000c3000000| Untracked 
|  49|0x00000000c3100000, 0x00000000c3100000, 0x00000000c3200000|  0%| F|  |TAMS 0x00000000c3100000, 0x00000000c3100000| Untracked 
|  50|0x00000000c3200000, 0x00000000c3200000, 0x00000000c3300000|  0%| F|  |TAMS 0x00000000c3200000, 0x00000000c3200000| Untracked 
|  51|0x00000000c3300000, 0x00000000c33fffe8, 0x00000000c3400000| 99%| O|  |TAMS 0x00000000c33fffe8, 0x00000000c3300000| Untracked 
|  52|0x00000000c3400000, 0x00000000c3400000, 0x00000000c3500000|  0%| F|  |TAMS 0x00000000c3400000, 0x00000000c3400000| Untracked 
|  53|0x00000000c3500000, 0x00000000c3500000, 0x00000000c3600000|  0%| F|  |TAMS 0x00000000c3500000, 0x00000000c3500000| Untracked 
|  54|0x00000000c3600000, 0x00000000c3600000, 0x00000000c3700000|  0%| F|  |TAMS 0x00000000c3600000, 0x00000000c3600000| Untracked 
|  55|0x00000000c3700000, 0x00000000c3700000, 0x00000000c3800000|  0%| F|  |TAMS 0x00000000c3700000, 0x00000000c3700000| Untracked 
|  56|0x00000000c3800000, 0x00000000c3800000, 0x00000000c3900000|  0%| F|  |TAMS 0x00000000c3800000, 0x00000000c3800000| Untracked 
|  57|0x00000000c3900000, 0x00000000c3900000, 0x00000000c3a00000|  0%| F|  |TAMS 0x00000000c3900000, 0x00000000c3900000| Untracked 
|  58|0x00000000c3a00000, 0x00000000c3a00000, 0x00000000c3b00000|  0%| F|  |TAMS 0x00000000c3a00000, 0x00000000c3a00000| Untracked 
|  59|0x00000000c3b00000, 0x00000000c3b00000, 0x00000000c3c00000|  0%| F|  |TAMS 0x00000000c3b00000, 0x00000000c3b00000| Untracked 
|  60|0x00000000c3c00000, 0x00000000c3c00000, 0x00000000c3d00000|  0%| F|  |TAMS 0x00000000c3c00000, 0x00000000c3c00000| Untracked 
|  61|0x00000000c3d00000, 0x00000000c3d00000, 0x00000000c3e00000|  0%| F|  |TAMS 0x00000000c3d00000, 0x00000000c3d00000| Untracked 
|  62|0x00000000c3e00000, 0x00000000c3e00000, 0x00000000c3f00000|  0%| F|  |TAMS 0x00000000c3e00000, 0x00000000c3e00000| Untracked 
|  63|0x00000000c3f00000, 0x00000000c3f00000, 0x00000000c4000000|  0%| F|  |TAMS 0x00000000c3f00000, 0x00000000c3f00000| Untracked 
|  64|0x00000000c4000000, 0x00000000c4000000, 0x00000000c4100000|  0%| F|  |TAMS 0x00000000c4000000, 0x00000000c4000000| Untracked 
|  65|0x00000000c4100000, 0x00000000c4100000, 0x00000000c4200000|  0%| F|  |TAMS 0x00000000c4100000, 0x00000000c4100000| Untracked 
|  66|0x00000000c4200000, 0x00000000c4200000, 0x00000000c4300000|  0%| F|  |TAMS 0x00000000c4200000, 0x00000000c4200000| Untracked 
|  67|0x00000000c4300000, 0x00000000c4300000, 0x00000000c4400000|  0%| F|  |TAMS 0x00000000c4300000, 0x00000000c4300000| Untracked 
|  68|0x00000000c4400000, 0x00000000c4400000, 0x00000000c4500000|  0%| F|  |TAMS 0x00000000c4400000, 0x00000000c4400000| Untracked 
|  69|0x00000000c4500000, 0x00000000c4500000, 0x00000000c4600000|  0%| F|  |TAMS 0x00000000c4500000, 0x00000000c4500000| Untracked 
|  70|0x00000000c4600000, 0x00000000c4600000, 0x00000000c4700000|  0%| F|  |TAMS 0x00000000c4600000, 0x00000000c4600000| Untracked 
|  71|0x00000000c4700000, 0x00000000c4700000, 0x00000000c4800000|  0%| F|  |TAMS 0x00000000c4700000, 0x00000000c4700000| Untracked 
|  72|0x00000000c4800000, 0x00000000c4800000, 0x00000000c4900000|  0%| F|  |TAMS 0x00000000c4800000, 0x00000000c4800000| Untracked 
|  73|0x00000000c4900000, 0x00000000c4900000, 0x00000000c4a00000|  0%| F|  |TAMS 0x00000000c4900000, 0x00000000c4900000| Untracked 
|  74|0x00000000c4a00000, 0x00000000c4a00000, 0x00000000c4b00000|  0%| F|  |TAMS 0x00000000c4a00000, 0x00000000c4a00000| Untracked 
|  75|0x00000000c4b00000, 0x00000000c4b00000, 0x00000000c4c00000|  0%| F|  |TAMS 0x00000000c4b00000, 0x00000000c4b00000| Untracked 
|  76|0x00000000c4c00000, 0x00000000c4c00000, 0x00000000c4d00000|  0%| F|  |TAMS 0x00000000c4c00000, 0x00000000c4c00000| Untracked 
|  77|0x00000000c4d00000, 0x00000000c4d00000, 0x00000000c4e00000|  0%| F|  |TAMS 0x00000000c4d00000, 0x00000000c4d00000| Untracked 
|  78|0x00000000c4e00000, 0x00000000c4e00000, 0x00000000c4f00000|  0%| F|  |TAMS 0x00000000c4e00000, 0x00000000c4e00000| Untracked 
|  79|0x00000000c4f00000, 0x00000000c4f00000, 0x00000000c5000000|  0%| F|  |TAMS 0x00000000c4f00000, 0x00000000c4f00000| Untracked 
|  80|0x00000000c5000000, 0x00000000c5000000, 0x00000000c5100000|  0%| F|  |TAMS 0x00000000c5000000, 0x00000000c5000000| Untracked 
|  81|0x00000000c5100000, 0x00000000c5100000, 0x00000000c5200000|  0%| F|  |TAMS 0x00000000c5100000, 0x00000000c5100000| Untracked 
|  82|0x00000000c5200000, 0x00000000c5200000, 0x00000000c5300000|  0%| F|  |TAMS 0x00000000c5200000, 0x00000000c5200000| Untracked 
|  83|0x00000000c5300000, 0x00000000c5300000, 0x00000000c5400000|  0%| F|  |TAMS 0x00000000c5300000, 0x00000000c5300000| Untracked 
|  84|0x00000000c5400000, 0x00000000c5400000, 0x00000000c5500000|  0%| F|  |TAMS 0x00000000c5400000, 0x00000000c5400000| Untracked 
|  85|0x00000000c5500000, 0x00000000c5500000, 0x00000000c5600000|  0%| F|  |TAMS 0x00000000c5500000, 0x00000000c5500000| Untracked 
|  86|0x00000000c5600000, 0x00000000c5600000, 0x00000000c5700000|  0%| F|  |TAMS 0x00000000c5600000, 0x00000000c5600000| Untracked 
|  87|0x00000000c5700000, 0x00000000c5700000, 0x00000000c5800000|  0%| F|  |TAMS 0x00000000c5700000, 0x00000000c5700000| Untracked 
|  88|0x00000000c5800000, 0x00000000c5800000, 0x00000000c5900000|  0%| F|  |TAMS 0x00000000c5800000, 0x00000000c5800000| Untracked 
|  89|0x00000000c5900000, 0x00000000c5900000, 0x00000000c5a00000|  0%| F|  |TAMS 0x00000000c5900000, 0x00000000c5900000| Untracked 
|  90|0x00000000c5a00000, 0x00000000c5a00000, 0x00000000c5b00000|  0%| F|  |TAMS 0x00000000c5a00000, 0x00000000c5a00000| Untracked 
|  91|0x00000000c5b00000, 0x00000000c5b00000, 0x00000000c5c00000|  0%| F|  |TAMS 0x00000000c5b00000, 0x00000000c5b00000| Untracked 
|  92|0x00000000c5c00000, 0x00000000c5c00000, 0x00000000c5d00000|  0%| F|  |TAMS 0x00000000c5c00000, 0x00000000c5c00000| Untracked 
|  93|0x00000000c5d00000, 0x00000000c5d00000, 0x00000000c5e00000|  0%| F|  |TAMS 0x00000000c5d00000, 0x00000000c5d00000| Untracked 
|  94|0x00000000c5e00000, 0x00000000c5e00000, 0x00000000c5f00000|  0%| F|  |TAMS 0x00000000c5e00000, 0x00000000c5e00000| Untracked 
|  95|0x00000000c5f00000, 0x00000000c5f00000, 0x00000000c6000000|  0%| F|  |TAMS 0x00000000c5f00000, 0x00000000c5f00000| Untracked 
|  96|0x00000000c6000000, 0x00000000c6000000, 0x00000000c6100000|  0%| F|  |TAMS 0x00000000c6000000, 0x00000000c6000000| Untracked 
|  97|0x00000000c6100000, 0x00000000c6100000, 0x00000000c6200000|  0%| F|  |TAMS 0x00000000c6100000, 0x00000000c6100000| Untracked 
|  98|0x00000000c6200000, 0x00000000c6200000, 0x00000000c6300000|  0%| F|  |TAMS 0x00000000c6200000, 0x00000000c6200000| Untracked 
|  99|0x00000000c6300000, 0x00000000c6300000, 0x00000000c6400000|  0%| F|  |TAMS 0x00000000c6300000, 0x00000000c6300000| Untracked 
| 100|0x00000000c6400000, 0x00000000c6400000, 0x00000000c6500000|  0%| F|  |TAMS 0x00000000c6400000, 0x00000000c6400000| Untracked 
| 101|0x00000000c6500000, 0x00000000c6500000, 0x00000000c6600000|  0%| F|  |TAMS 0x00000000c6500000, 0x00000000c6500000| Untracked 
| 102|0x00000000c6600000, 0x00000000c6600000, 0x00000000c6700000|  0%| F|  |TAMS 0x00000000c6600000, 0x00000000c6600000| Untracked 
| 103|0x00000000c6700000, 0x00000000c6700000, 0x00000000c6800000|  0%| F|  |TAMS 0x00000000c6700000, 0x00000000c6700000| Untracked 
| 104|0x00000000c6800000, 0x00000000c6800000, 0x00000000c6900000|  0%| F|  |TAMS 0x00000000c6800000, 0x00000000c6800000| Untracked 
| 105|0x00000000c6900000, 0x00000000c6900000, 0x00000000c6a00000|  0%| F|  |TAMS 0x00000000c6900000, 0x00000000c6900000| Untracked 
| 106|0x00000000c6a00000, 0x00000000c6a00000, 0x00000000c6b00000|  0%| F|  |TAMS 0x00000000c6a00000, 0x00000000c6a00000| Untracked 
| 107|0x00000000c6b00000, 0x00000000c6b00000, 0x00000000c6c00000|  0%| F|  |TAMS 0x00000000c6b00000, 0x00000000c6b00000| Untracked 
| 108|0x00000000c6c00000, 0x00000000c6c00000, 0x00000000c6d00000|  0%| F|  |TAMS 0x00000000c6c00000, 0x00000000c6c00000| Untracked 
| 109|0x00000000c6d00000, 0x00000000c6d00000, 0x00000000c6e00000|  0%| F|  |TAMS 0x00000000c6d00000, 0x00000000c6d00000| Untracked 
| 110|0x00000000c6e00000, 0x00000000c6e00000, 0x00000000c6f00000|  0%| F|  |TAMS 0x00000000c6e00000, 0x00000000c6e00000| Untracked 
| 111|0x00000000c6f00000, 0x00000000c6f00000, 0x00000000c7000000|  0%| F|  |TAMS 0x00000000c6f00000, 0x00000000c6f00000| Untracked 
| 112|0x00000000c7000000, 0x00000000c7000000, 0x00000000c7100000|  0%| F|  |TAMS 0x00000000c7000000, 0x00000000c7000000| Untracked 
| 113|0x00000000c7100000, 0x00000000c7100000, 0x00000000c7200000|  0%| F|  |TAMS 0x00000000c7100000, 0x00000000c7100000| Untracked 
| 114|0x00000000c7200000, 0x00000000c7200000, 0x00000000c7300000|  0%| F|  |TAMS 0x00000000c7200000, 0x00000000c7200000| Untracked 
| 115|0x00000000c7300000, 0x00000000c7300000, 0x00000000c7400000|  0%| F|  |TAMS 0x00000000c7300000, 0x00000000c7300000| Untracked 
| 116|0x00000000c7400000, 0x00000000c7400000, 0x00000000c7500000|  0%| F|  |TAMS 0x00000000c7400000, 0x00000000c7400000| Untracked 
| 117|0x00000000c7500000, 0x00000000c7500000, 0x00000000c7600000|  0%| F|  |TAMS 0x00000000c7500000, 0x00000000c7500000| Untracked 
| 118|0x00000000c7600000, 0x00000000c7600000, 0x00000000c7700000|  0%| F|  |TAMS 0x00000000c7600000, 0x00000000c7600000| Untracked 
| 119|0x00000000c7700000, 0x00000000c7700000, 0x00000000c7800000|  0%| F|  |TAMS 0x00000000c7700000, 0x00000000c7700000| Untracked 
| 120|0x00000000c7800000, 0x00000000c7800000, 0x00000000c7900000|  0%| F|  |TAMS 0x00000000c7800000, 0x00000000c7800000| Untracked 
| 121|0x00000000c7900000, 0x00000000c7900000, 0x00000000c7a00000|  0%| F|  |TAMS 0x00000000c7900000, 0x00000000c7900000| Untracked 
| 122|0x00000000c7a00000, 0x00000000c7a00000, 0x00000000c7b00000|  0%| F|  |TAMS 0x00000000c7a00000, 0x00000000c7a00000| Untracked 
| 123|0x00000000c7b00000, 0x00000000c7b00000, 0x00000000c7c00000|  0%| F|  |TAMS 0x00000000c7b00000, 0x00000000c7b00000| Untracked 
| 124|0x00000000c7c00000, 0x00000000c7c00000, 0x00000000c7d00000|  0%| F|  |TAMS 0x00000000c7c00000, 0x00000000c7c00000| Untracked 
| 125|0x00000000c7d00000, 0x00000000c7d00000, 0x00000000c7e00000|  0%| F|  |TAMS 0x00000000c7d00000, 0x00000000c7d00000| Untracked 
| 126|0x00000000c7e00000, 0x00000000c7e00000, 0x00000000c7f00000|  0%| F|  |TAMS 0x00000000c7e00000, 0x00000000c7e00000| Untracked 
| 127|0x00000000c7f00000, 0x00000000c7f00000, 0x00000000c8000000|  0%| F|  |TAMS 0x00000000c7f00000, 0x00000000c7f00000| Untracked 
| 128|0x00000000c8000000, 0x00000000c8000000, 0x00000000c8100000|  0%| F|  |TAMS 0x00000000c8000000, 0x00000000c8000000| Untracked 
| 129|0x00000000c8100000, 0x00000000c8100000, 0x00000000c8200000|  0%| F|  |TAMS 0x00000000c8100000, 0x00000000c8100000| Untracked 
| 130|0x00000000c8200000, 0x00000000c8200000, 0x00000000c8300000|  0%| F|  |TAMS 0x00000000c8200000, 0x00000000c8200000| Untracked 
| 131|0x00000000c8300000, 0x00000000c8300000, 0x00000000c8400000|  0%| F|  |TAMS 0x00000000c8300000, 0x00000000c8300000| Untracked 
| 132|0x00000000c8400000, 0x00000000c8400000, 0x00000000c8500000|  0%| F|  |TAMS 0x00000000c8400000, 0x00000000c8400000| Untracked 
| 133|0x00000000c8500000, 0x00000000c8500000, 0x00000000c8600000|  0%| F|  |TAMS 0x00000000c8500000, 0x00000000c8500000| Untracked 
| 134|0x00000000c8600000, 0x00000000c8600000, 0x00000000c8700000|  0%| F|  |TAMS 0x00000000c8600000, 0x00000000c8600000| Untracked 
| 515|0x00000000e0300000, 0x00000000e0300000, 0x00000000e0400000|  0%| F|  |TAMS 0x00000000e0300000, 0x00000000e0300000| Untracked 
| 516|0x00000000e0400000, 0x00000000e0418670, 0x00000000e0500000|  9%| E|  |TAMS 0x00000000e0400000, 0x00000000e0400000| Complete 

Card table byte_map: [0x00000237871d0000,0x00000237873d0000] _byte_map_base: 0x0000023786bd0000

Marking Bits (Prev, Next): (CMBitMap*) 0x00000237ffd140c0, (CMBitMap*) 0x00000237ffd14100
 Prev Bits: [0x00000237875d0000, 0x00000237885d0000)
 Next Bits: [0x00000237885d0000, 0x00000237895d0000)

Polling page: 0x00000237ff4a0000

Metaspace:

Usage:
  Non-class:     57.64 MB used.
      Class:      9.09 MB used.
       Both:     66.73 MB used.

Virtual space:
  Non-class space:       64.00 MB reserved,      57.94 MB ( 91%) committed,  8 nodes.
      Class space:        1.00 GB reserved,       9.38 MB ( <1%) committed,  1 nodes.
             Both:        1.06 GB reserved,      67.31 MB (  6%) committed. 

Chunk freelists:
   Non-Class:  1.34 MB
       Class:  2.71 MB
        Both:  4.05 MB

MaxMetaspaceSize: unlimited
CompressedClassSpaceSize: 1.00 GB
Initial GC threshold: 21.00 MB
Current GC threshold: 112.19 MB
CDS: off
MetaspaceReclaimPolicy: balanced
 - commit_granule_bytes: 65536.
 - commit_granule_words: 8192.
 - virtual_space_node_default_size: 1048576.
 - enlarge_chunks_in_place: 1.
 - new_chunks_are_fully_committed: 0.
 - uncommit_free_chunks: 1.
 - use_allocation_guard: 0.
 - handle_deallocations: 1.


Internal statistics:

num_allocs_failed_limit: 6.
num_arena_births: 924.
num_arena_deaths: 370.
num_vsnodes_births: 9.
num_vsnodes_deaths: 0.
num_space_committed: 1077.
num_space_uncommitted: 0.
num_chunks_returned_to_freelist: 466.
num_chunks_taken_from_freelist: 3293.
num_chunk_merges: 130.
num_chunk_splits: 2146.
num_chunks_enlarged: 1592.
num_purges: 18.
num_inconsistent_stats: 0.

CodeCache: size=49152Kb used=25632Kb max_used=26155Kb free=23519Kb
 bounds [0x0000023783fd0000, 0x00000237859b0000, 0x0000023786fd0000]
 total_blobs=14096 nmethods=13422 adapters=599
 compilation: enabled
              stopped_count=0, restarted_count=0
 full_count=0

Compilation events (20 events):
Event: 8260.158 Thread 0x000002378cc0b480 13601       1       org.springframework.ide.vscode.commons.protocol.java.JavaElementData::<init> (5 bytes)
Event: 8260.158 Thread 0x000002378cc0b480 nmethod 13601 0x000002378584e310 code [0x000002378584e4a0, 0x000002378584e558]
Event: 8260.159 Thread 0x000002378cc0b480 13602       1       org.springframework.ide.vscode.commons.protocol.java.TypeDescriptorData::getSuperInterfaceNames (5 bytes)
Event: 8260.159 Thread 0x000002378cc0b480 nmethod 13602 0x000002378584e010 code [0x000002378584e1a0, 0x000002378584e278]
Event: 8260.159 Thread 0x000002378cc0b480 13603       1       org.springframework.ide.vscode.commons.protocol.java.TypeDescriptorData::getSuperClassName (5 bytes)
Event: 8260.159 Thread 0x000002378cc0b480 nmethod 13603 0x000002378584dd10 code [0x000002378584dea0, 0x000002378584df78]
Event: 8260.160 Thread 0x000002378cc0b480 13604   !   1       org.springframework.ide.vscode.boot.metadata.types.TypeUtil::findType (49 bytes)
Event: 8260.161 Thread 0x000002378cc0b480 nmethod 13604 0x000002378584d390 code [0x000002378584d580, 0x000002378584d9f8]
Event: 8260.161 Thread 0x000002378cc0b480 13606       1       org.springframework.ide.vscode.boot.metadata.types.TypeUtil::switchInnerTypeSeparator (128 bytes)
Event: 8260.162 Thread 0x000002378cc0b480 nmethod 13606 0x000002378584c590 code [0x000002378584c800, 0x000002378584cee8]
Event: 8260.162 Thread 0x000002378cc0b480 13605       1       org.springframework.ide.vscode.boot.metadata.types.TypeUtil::searchSuperTypes (131 bytes)
Event: 8260.162 Thread 0x000002378cc0b480 nmethod 13605 0x000002378584bc10 code [0x000002378584be20, 0x000002378584c1f8]
Event: 8260.162 Thread 0x000002378cc0b480 13607  s    1       org.springframework.ide.vscode.commons.java.AbstractJavaProject::getIndex (20 bytes)
Event: 8260.162 Thread 0x000002378cc0b480 nmethod 13607 0x000002378584b690 code [0x000002378584b840, 0x000002378584bac8]
Event: 8260.162 Thread 0x000002378cc0b480 13608   !   1       org.springframework.ide.vscode.commons.jdtls.JdtLsIndex::findType (145 bytes)
Event: 8260.164 Thread 0x000002378cc0b480 nmethod 13608 0x0000023785849490 code [0x00000237858497e0, 0x000002378584a5c8]
Event: 8260.164 Thread 0x000002378cc0b480 13610       1       org.antlr.v4.runtime.CommonToken::getStartIndex (5 bytes)
Event: 8260.165 Thread 0x000002378cc0b480 nmethod 13610 0x0000023785849190 code [0x0000023785849320, 0x00000237858493f8]
Event: 8260.165 Thread 0x000002378cc0b480 13609       1       org.springframework.ide.vscode.commons.jdtls.Wrappers$10::getFullyQualifiedName (8 bytes)
Event: 8260.165 Thread 0x000002378cc0b480 nmethod 13609 0x0000023785848e90 code [0x0000023785849020, 0x00000237858490f8]

GC Heap History (20 events):
Event: 8151.823 GC heap after
{Heap after GC invocations=845 (full 551):
 garbage-first heap   total 140288K, used 51882K [0x00000000c0000000, 0x0000000100000000)
  region size 1024K, 3 young (3072K), 3 survivors (3072K)
 Metaspace       used 67714K, committed 68224K, reserved 1114112K
  class space    used 9213K, committed 9472K, reserved 1048576K
}
Event: 8155.973 GC heap before
{Heap before GC invocations=845 (full 551):
 garbage-first heap   total 140288K, used 116394K [0x00000000c0000000, 0x0000000100000000)
  region size 1024K, 66 young (67584K), 3 survivors (3072K)
 Metaspace       used 67714K, committed 68224K, reserved 1114112K
  class space    used 9213K, committed 9472K, reserved 1048576K
}
Event: 8155.975 GC heap after
{Heap after GC invocations=846 (full 551):
 garbage-first heap   total 140288K, used 51090K [0x00000000c0000000, 0x0000000100000000)
  region size 1024K, 2 young (2048K), 2 survivors (2048K)
 Metaspace       used 67714K, committed 68224K, reserved 1114112K
  class space    used 9213K, committed 9472K, reserved 1048576K
}
Event: 8163.224 GC heap before
{Heap before GC invocations=846 (full 551):
 garbage-first heap   total 140288K, used 117650K [0x00000000c0000000, 0x0000000100000000)
  region size 1024K, 67 young (68608K), 2 survivors (2048K)
 Metaspace       used 67714K, committed 68224K, reserved 1114112K
  class space    used 9213K, committed 9472K, reserved 1048576K
}
Event: 8163.227 GC heap after
{Heap after GC invocations=847 (full 551):
 garbage-first heap   total 140288K, used 52665K [0x00000000c0000000, 0x0000000100000000)
  region size 1024K, 4 young (4096K), 4 survivors (4096K)
 Metaspace       used 67714K, committed 68224K, reserved 1114112K
  class space    used 9213K, committed 9472K, reserved 1048576K
}
Event: 8181.009 GC heap before
{Heap before GC invocations=847 (full 551):
 garbage-first heap   total 140288K, used 115129K [0x00000000c0000000, 0x0000000100000000)
  region size 1024K, 66 young (67584K), 4 survivors (4096K)
 Metaspace       used 67714K, committed 68224K, reserved 1114112K
  class space    used 9213K, committed 9472K, reserved 1048576K
}
Event: 8181.011 GC heap after
{Heap after GC invocations=848 (full 551):
 garbage-first heap   total 140288K, used 51268K [0x00000000c0000000, 0x0000000100000000)
  region size 1024K, 2 young (2048K), 2 survivors (2048K)
 Metaspace       used 67714K, committed 68224K, reserved 1114112K
  class space    used 9213K, committed 9472K, reserved 1048576K
}
Event: 8298.803 GC heap before
{Heap before GC invocations=848 (full 551):
 garbage-first heap   total 140288K, used 109636K [0x00000000c0000000, 0x0000000100000000)
  region size 1024K, 57 young (58368K), 2 survivors (2048K)
 Metaspace       used 68399K, committed 68928K, reserved 1114112K
  class space    used 9322K, committed 9600K, reserved 1048576K
}
Event: 8298.880 GC heap after
{Heap after GC invocations=849 (full 552):
 garbage-first heap   total 140288K, used 45674K [0x00000000c0000000, 0x0000000100000000)
  region size 1024K, 0 young (0K), 0 survivors (0K)
 Metaspace       used 68399K, committed 68928K, reserved 1114112K
  class space    used 9322K, committed 9600K, reserved 1048576K
}
Event: 8309.087 GC heap before
{Heap before GC invocations=849 (full 552):
 garbage-first heap   total 140288K, used 45674K [0x00000000c0000000, 0x0000000100000000)
  region size 1024K, 1 young (1024K), 0 survivors (0K)
 Metaspace       used 68399K, committed 68928K, reserved 1114112K
  class space    used 9322K, committed 9600K, reserved 1048576K
}
Event: 8309.237 GC heap after
{Heap after GC invocations=850 (full 553):
 garbage-first heap   total 140288K, used 45551K [0x00000000c0000000, 0x0000000100000000)
  region size 1024K, 0 young (0K), 0 survivors (0K)
 Metaspace       used 68335K, committed 68928K, reserved 1114112K
  class space    used 9308K, committed 9600K, reserved 1048576K
}
Event: 8319.385 GC heap before
{Heap before GC invocations=850 (full 553):
 garbage-first heap   total 140288K, used 45551K [0x00000000c0000000, 0x0000000100000000)
  region size 1024K, 1 young (1024K), 0 survivors (0K)
 Metaspace       used 68335K, committed 68928K, reserved 1114112K
  class space    used 9308K, committed 9600K, reserved 1048576K
}
Event: 8319.434 GC heap after
{Heap after GC invocations=851 (full 554):
 garbage-first heap   total 140288K, used 45551K [0x00000000c0000000, 0x0000000100000000)
  region size 1024K, 0 young (0K), 0 survivors (0K)
 Metaspace       used 68335K, committed 68928K, reserved 1114112K
  class space    used 9308K, committed 9600K, reserved 1048576K
}
Event: 8329.632 GC heap before
{Heap before GC invocations=851 (full 554):
 garbage-first heap   total 140288K, used 45551K [0x00000000c0000000, 0x0000000100000000)
  region size 1024K, 1 young (1024K), 0 survivors (0K)
 Metaspace       used 68335K, committed 68928K, reserved 1114112K
  class space    used 9308K, committed 9600K, reserved 1048576K
}
Event: 8329.699 GC heap after
{Heap after GC invocations=852 (full 555):
 garbage-first heap   total 140288K, used 45551K [0x00000000c0000000, 0x0000000100000000)
  region size 1024K, 0 young (0K), 0 survivors (0K)
 Metaspace       used 68335K, committed 68928K, reserved 1114112K
  class space    used 9308K, committed 9600K, reserved 1048576K
}
Event: 8339.886 GC heap before
{Heap before GC invocations=852 (full 555):
 garbage-first heap   total 140288K, used 45551K [0x00000000c0000000, 0x0000000100000000)
  region size 1024K, 1 young (1024K), 0 survivors (0K)
 Metaspace       used 68335K, committed 68928K, reserved 1114112K
  class space    used 9308K, committed 9600K, reserved 1048576K
}
Event: 8339.938 GC heap after
{Heap after GC invocations=853 (full 556):
 garbage-first heap   total 140288K, used 45551K [0x00000000c0000000, 0x0000000100000000)
  region size 1024K, 0 young (0K), 0 survivors (0K)
 Metaspace       used 68335K, committed 68928K, reserved 1114112K
  class space    used 9308K, committed 9600K, reserved 1048576K
}
Event: 8350.083 GC heap before
{Heap before GC invocations=853 (full 556):
 garbage-first heap   total 140288K, used 45551K [0x00000000c0000000, 0x0000000100000000)
  region size 1024K, 1 young (1024K), 0 survivors (0K)
 Metaspace       used 68335K, committed 68928K, reserved 1114112K
  class space    used 9308K, committed 9600K, reserved 1048576K
}
Event: 8350.131 GC heap after
{Heap after GC invocations=854 (full 557):
 garbage-first heap   total 140288K, used 45551K [0x00000000c0000000, 0x0000000100000000)
  region size 1024K, 0 young (0K), 0 survivors (0K)
 Metaspace       used 68335K, committed 68928K, reserved 1114112K
  class space    used 9308K, committed 9600K, reserved 1048576K
}
Event: 13769.382 GC heap before
{Heap before GC invocations=854 (full 557):
 garbage-first heap   total 140288K, used 45551K [0x00000000c0000000, 0x0000000100000000)
  region size 1024K, 1 young (1024K), 0 survivors (0K)
 Metaspace       used 68335K, committed 68928K, reserved 1114112K
  class space    used 9308K, committed 9600K, reserved 1048576K
}

Dll operation events (9 events):
Event: 0.009 Loaded shared library c:\Users\Ayush\.vscode\extensions\redhat.java-1.15.0-win32-x64\jre\17.0.6-win32-x86_64\bin\java.dll
Event: 0.349 Loaded shared library C:\Users\Ayush\.vscode\extensions\redhat.java-1.15.0-win32-x64\jre\17.0.6-win32-x86_64\bin\net.dll
Event: 0.352 Loaded shared library C:\Users\Ayush\.vscode\extensions\redhat.java-1.15.0-win32-x64\jre\17.0.6-win32-x86_64\bin\nio.dll
Event: 0.367 Loaded shared library C:\Users\Ayush\.vscode\extensions\redhat.java-1.15.0-win32-x64\jre\17.0.6-win32-x86_64\bin\zip.dll
Event: 0.780 Loaded shared library C:\Users\Ayush\.vscode\extensions\redhat.java-1.15.0-win32-x64\jre\17.0.6-win32-x86_64\bin\jimage.dll
Event: 6.113 Loaded shared library C:\Users\Ayush\.vscode\extensions\redhat.java-1.15.0-win32-x64\jre\17.0.6-win32-x86_64\bin\management.dll
Event: 6.118 Loaded shared library C:\Users\Ayush\.vscode\extensions\redhat.java-1.15.0-win32-x64\jre\17.0.6-win32-x86_64\bin\management_ext.dll
Event: 7.647 Loaded shared library C:\Users\Ayush\.vscode\extensions\redhat.java-1.15.0-win32-x64\jre\17.0.6-win32-x86_64\bin\sunmscapi.dll
Event: 15.556 Loaded shared library c:\Users\Ayush\.vscode\extensions\redhat.java-1.15.0-win32-x64\jre\17.0.6-win32-x86_64\bin\verify.dll

Deoptimization events (20 events):
Event: 5398.102 Thread 0x000002378e3e0a00 DEOPT PACKING pc=0x000002378546bbb9 sp=0x000000741dbfe150
Event: 5398.102 Thread 0x000002378e3e0a00 DEOPT UNPACKING pc=0x0000023784027143 sp=0x000000741dbfd610 mode 3
Event: 5428.492 Thread 0x0000023791612f40 DEOPT PACKING pc=0x0000023785327418 sp=0x000000741adfe3c0
Event: 5428.492 Thread 0x0000023791612f40 DEOPT UNPACKING pc=0x0000023784027143 sp=0x000000741adfd8b0 mode 3
Event: 5429.213 Thread 0x0000023791612f40 DEOPT PACKING pc=0x0000023785348d3b sp=0x000000741adfe630
Event: 5429.213 Thread 0x0000023791612f40 DEOPT UNPACKING pc=0x0000023784027143 sp=0x000000741adfdb00 mode 3
Event: 5480.965 Thread 0x0000023791612f40 DEOPT PACKING pc=0x0000023784c8924f sp=0x000000741adfd7d0
Event: 5480.965 Thread 0x0000023791612f40 DEOPT UNPACKING pc=0x0000023784027143 sp=0x000000741adfcc90 mode 3
Event: 6353.642 Thread 0x000002378e55aea0 DEOPT PACKING pc=0x00000237853dccea sp=0x000000741adfe840
Event: 6353.642 Thread 0x000002378e55aea0 DEOPT UNPACKING pc=0x0000023784027143 sp=0x000000741adfdd88 mode 3
Event: 6401.902 Thread 0x000002378e3e1870 DEOPT PACKING pc=0x00000237855f648f sp=0x000000741d5fe4c0
Event: 6401.902 Thread 0x000002378e3e1870 DEOPT UNPACKING pc=0x0000023784027143 sp=0x000000741d5fda10 mode 3
Event: 6523.033 Thread 0x000002378e55aea0 DEOPT PACKING pc=0x00000237854457b4 sp=0x000000741adfe750
Event: 6523.033 Thread 0x000002378e55aea0 DEOPT UNPACKING pc=0x0000023784027143 sp=0x000000741adfdcf8 mode 0
Event: 6680.353 Thread 0x000002378e2e6dc0 DEOPT PACKING pc=0x0000023785710d0f sp=0x000000741aefe400
Event: 6680.353 Thread 0x000002378e2e6dc0 DEOPT UNPACKING pc=0x0000023784027143 sp=0x000000741aefd908 mode 3
Event: 6896.142 Thread 0x000002378e3e0060 DEOPT PACKING pc=0x00000237856a4fc4 sp=0x000000741dafe330
Event: 6896.142 Thread 0x000002378e3e0060 DEOPT UNPACKING pc=0x0000023784027143 sp=0x000000741dafd858 mode 3
Event: 8250.919 Thread 0x000002378e3e3a20 DEOPT PACKING pc=0x00000237858a7f7d sp=0x000000741d9fd450
Event: 8250.919 Thread 0x000002378e3e3a20 DEOPT UNPACKING pc=0x0000023784027143 sp=0x000000741d9fc9b8 mode 3

Classes unloaded (20 events):
Event: 8309.110 Thread 0x000002378c020d30 Unloading class 0x0000000100934800 'java/lang/invoke/LambdaForm$MH+0x0000000100934800'
Event: 8309.110 Thread 0x000002378c020d30 Unloading class 0x0000000100935400 'java/lang/invoke/LambdaForm$MH+0x0000000100935400'
Event: 8309.110 Thread 0x000002378c020d30 Unloading class 0x0000000100935000 'java/lang/invoke/LambdaForm$MH+0x0000000100935000'
Event: 8309.110 Thread 0x000002378c020d30 Unloading class 0x00000001004fd000 'java/lang/invoke/LambdaForm$MH+0x00000001004fd000'
Event: 8309.110 Thread 0x000002378c020d30 Unloading class 0x0000000100605000 'java/lang/invoke/LambdaForm$MH+0x0000000100605000'
Event: 8309.110 Thread 0x000002378c020d30 Unloading class 0x0000000100700c00 'java/lang/invoke/LambdaForm$MH+0x0000000100700c00'
Event: 8309.110 Thread 0x000002378c020d30 Unloading class 0x00000001008ec000 'java/lang/invoke/LambdaForm$MH+0x00000001008ec000'
Event: 8309.110 Thread 0x000002378c020d30 Unloading class 0x000000010091c800 'java/lang/invoke/LambdaForm$MH+0x000000010091c800'
Event: 8309.110 Thread 0x000002378c020d30 Unloading class 0x0000000100924c00 'java/lang/invoke/LambdaForm$MH+0x0000000100924c00'
Event: 8309.110 Thread 0x000002378c020d30 Unloading class 0x0000000100088c00 'jdk/internal/reflect/GeneratedConstructorAccessor88'
Event: 8309.110 Thread 0x000002378c020d30 Unloading class 0x0000000100089400 'jdk/internal/reflect/GeneratedMethodAccessor52'
Event: 8309.110 Thread 0x000002378c020d30 Unloading class 0x00000001003b8c00 'jdk/internal/reflect/GeneratedConstructorAccessor87'
Event: 8309.110 Thread 0x000002378c020d30 Unloading class 0x0000000100428400 'jdk/internal/reflect/GeneratedConstructorAccessor86'
Event: 8309.110 Thread 0x000002378c020d30 Unloading class 0x0000000100088400 'jdk/internal/reflect/GeneratedMethodAccessor48'
Event: 8309.110 Thread 0x000002378c020d30 Unloading class 0x0000000100552800 'jdk/internal/reflect/GeneratedConstructorAccessor79'
Event: 8309.111 Thread 0x000002378c020d30 Unloading class 0x0000000100552000 'jdk/internal/reflect/GeneratedMethodAccessor47'
Event: 8309.111 Thread 0x000002378c020d30 Unloading class 0x0000000100540000 'jdk/internal/reflect/GeneratedConstructorAccessor78'
Event: 8309.111 Thread 0x000002378c020d30 Unloading class 0x0000000100518000 'jdk/internal/reflect/GeneratedMethodAccessor46'
Event: 8309.111 Thread 0x000002378c020d30 Unloading class 0x0000000100399400 'jdk/internal/reflect/GeneratedMethodAccessor45'
Event: 8309.111 Thread 0x000002378c020d30 Unloading class 0x0000000100398c00 'jdk/internal/reflect/GeneratedMethodAccessor44'

Classes redefined (0 events):
No events

Internal exceptions (20 events):
Event: 8250.857 Thread 0x000002378e3e3a20 Exception <a 'sun/nio/fs/WindowsException'{0x00000000c6342df0}> (0x00000000c6342df0) 
thrown [s\src\hotspot\share\prims\jni.cpp, line 516]
Event: 8250.857 Thread 0x000002378e3e3a20 Exception <a 'sun/nio/fs/WindowsException'{0x00000000c6343180}> (0x00000000c6343180) 
thrown [s\src\hotspot\share\prims\jni.cpp, line 516]
Event: 8250.857 Thread 0x000002378e3e3a20 Exception <a 'sun/nio/fs/WindowsException'{0x00000000c63440d0}> (0x00000000c63440d0) 
thrown [s\src\hotspot\share\prims\jni.cpp, line 516]
Event: 8250.857 Thread 0x000002378e3e3a20 Exception <a 'sun/nio/fs/WindowsException'{0x00000000c63444b0}> (0x00000000c63444b0) 
thrown [s\src\hotspot\share\prims\jni.cpp, line 516]
Event: 8250.857 Thread 0x000002378e3e3a20 Exception <a 'sun/nio/fs/WindowsException'{0x00000000c6345200}> (0x00000000c6345200) 
thrown [s\src\hotspot\share\prims\jni.cpp, line 516]
Event: 8250.858 Thread 0x000002378e3e3a20 Exception <a 'sun/nio/fs/WindowsException'{0x00000000c6345950}> (0x00000000c6345950) 
thrown [s\src\hotspot\share\prims\jni.cpp, line 516]
Event: 8250.858 Thread 0x000002378e3e3a20 Exception <a 'sun/nio/fs/WindowsException'{0x00000000c6345d08}> (0x00000000c6345d08) 
thrown [s\src\hotspot\share\prims\jni.cpp, line 516]
Event: 8250.858 Thread 0x000002378e3e3a20 Exception <a 'sun/nio/fs/WindowsException'{0x00000000c6346d00}> (0x00000000c6346d00) 
thrown [s\src\hotspot\share\prims\jni.cpp, line 516]
Event: 8250.858 Thread 0x000002378e3e3a20 Exception <a 'sun/nio/fs/WindowsException'{0x00000000c63470f0}> (0x00000000c63470f0) 
thrown [s\src\hotspot\share\prims\jni.cpp, line 516]
Event: 8251.000 Thread 0x000002378e3e3a20 Exception <a 'sun/nio/fs/WindowsException'{0x00000000c58666e0}> (0x00000000c58666e0) 
thrown [s\src\hotspot\share\prims\jni.cpp, line 516]
Event: 8251.000 Thread 0x000002378e3e3a20 Exception <a 'sun/nio/fs/WindowsException'{0x00000000c5866df8}> (0x00000000c5866df8) 
thrown [s\src\hotspot\share\prims\jni.cpp, line 516]
Event: 8251.000 Thread 0x000002378e3e3a20 Exception <a 'sun/nio/fs/WindowsException'{0x00000000c5867188}> (0x00000000c5867188) 
thrown [s\src\hotspot\share\prims\jni.cpp, line 516]
Event: 8251.001 Thread 0x000002378e3e3a20 Exception <a 'sun/nio/fs/WindowsException'{0x00000000c58680d8}> (0x00000000c58680d8) 
thrown [s\src\hotspot\share\prims\jni.cpp, line 516]
Event: 8251.001 Thread 0x000002378e3e3a20 Exception <a 'sun/nio/fs/WindowsException'{0x00000000c58684b8}> (0x00000000c58684b8) 
thrown [s\src\hotspot\share\prims\jni.cpp, line 516]
Event: 8251.001 Thread 0x000002378e3e3a20 Exception <a 'sun/nio/fs/WindowsException'{0x00000000c5869208}> (0x00000000c5869208) 
thrown [s\src\hotspot\share\prims\jni.cpp, line 516]
Event: 8251.001 Thread 0x000002378e3e3a20 Exception <a 'sun/nio/fs/WindowsException'{0x00000000c5869980}> (0x00000000c5869980) 
thrown [s\src\hotspot\share\prims\jni.cpp, line 516]
Event: 8251.001 Thread 0x000002378e3e3a20 Exception <a 'sun/nio/fs/WindowsException'{0x00000000c5869d38}> (0x00000000c5869d38) 
thrown [s\src\hotspot\share\prims\jni.cpp, line 516]
Event: 8251.001 Thread 0x000002378e3e3a20 Exception <a 'sun/nio/fs/WindowsException'{0x00000000c586ac98}> (0x00000000c586ac98) 
thrown [s\src\hotspot\share\prims\jni.cpp, line 516]
Event: 8251.001 Thread 0x000002378e3e3a20 Exception <a 'sun/nio/fs/WindowsException'{0x00000000c586b088}> (0x00000000c586b088) 
thrown [s\src\hotspot\share\prims\jni.cpp, line 516]
Event: 8252.556 Thread 0x000002378d5c90d0 Exception <a 'java/lang/NoSuchMethodError'{0x00000000c64e1110}: 'java.lang.Object java.lang.invoke.DirectMethodHandle$Holder.invokeStatic(java.lang.Object, java.lang.Object, java.lang.Object, java.lang.Object, int)'> (0x00000000c64e1110) 
thrown [s\src\hotspot\share\interpreter\linkResolver.cpp, line 759]

VM Operations (20 events):
Event: 8252.054 Executing VM operation: Cleanup done
Event: 8253.058 Executing VM operation: Cleanup
Event: 8253.058 Executing VM operation: Cleanup done
Event: 8260.083 Executing VM operation: Cleanup
Event: 8260.083 Executing VM operation: Cleanup done
Event: 8298.802 Executing VM operation: G1CollectFull
Event: 8298.880 Executing VM operation: G1CollectFull done
Event: 8309.086 Executing VM operation: G1CollectFull
Event: 8309.237 Executing VM operation: G1CollectFull done
Event: 8309.237 Executing VM operation: HandshakeAllThreads
Event: 8309.249 Executing VM operation: HandshakeAllThreads done
Event: 8319.385 Executing VM operation: G1CollectFull
Event: 8319.434 Executing VM operation: G1CollectFull done
Event: 8329.632 Executing VM operation: G1CollectFull
Event: 8329.699 Executing VM operation: G1CollectFull done
Event: 8339.886 Executing VM operation: G1CollectFull
Event: 8339.938 Executing VM operation: G1CollectFull done
Event: 8350.083 Executing VM operation: G1CollectFull
Event: 8350.131 Executing VM operation: G1CollectFull done
Event: 13769.381 Executing VM operation: G1CollectFull

Events (20 events):
Event: 8250.908 loading class sun/text/resources/BreakIteratorResources_en_US
Event: 8250.908 loading class sun/text/resources/BreakIteratorResources_en_US done
Event: 8250.909 loading class sun/text/RuleBasedBreakIterator
Event: 8250.910 loading class sun/text/RuleBasedBreakIterator done
Event: 8250.911 loading class sun/text/CompactByteArray
Event: 8250.911 loading class sun/text/CompactByteArray done
Event: 8250.911 loading class sun/text/SupplementaryCharacterData
Event: 8250.911 loading class sun/text/SupplementaryCharacterData done
Event: 8250.911 loading class java/text/BreakIterator$BreakIteratorCache
Event: 8250.912 loading class java/text/BreakIterator$BreakIteratorCache done
Event: 8250.912 loading class java/text/StringCharacterIterator
Event: 8250.912 loading class java/text/CharacterIterator
Event: 8250.912 loading class java/text/CharacterIterator done
Event: 8250.912 loading class java/text/StringCharacterIterator done
Event: 8250.926 Thread 0x000002378cc73a10 Thread added: 0x000002378cc73a10
Event: 8257.579 Thread 0x000002378cc73a10 Thread exited: 0x000002378cc73a10
Event: 8309.266 Thread 0x000002378cc0be70 flushing nmethod 0x0000023785042690
Event: 8310.234 Thread 0x000002378d5c95a0 Thread exited: 0x000002378d5c95a0
Event: 8310.234 Thread 0x000002378d5c8c00 Thread exited: 0x000002378d5c8c00
Event: 8312.591 Thread 0x000002378d5c90d0 Thread exited: 0x000002378d5c90d0


Dynamic libraries:
0x00007ff726e90000 - 0x00007ff726e9e000 	c:\Users\Ayush\.vscode\extensions\redhat.java-1.15.0-win32-x64\jre\17.0.6-win32-x86_64\bin\java.exe
0x00007ffa9c450000 - 0x00007ffa9c648000 	C:\WINDOWS\SYSTEM32\ntdll.dll
0x00007ffa9ade0000 - 0x00007ffa9ae9f000 	C:\WINDOWS\System32\KERNEL32.DLL
0x00007ffa99d40000 - 0x00007ffa9a036000 	C:\WINDOWS\System32\KERNELBASE.dll
0x00007ffa9a330000 - 0x00007ffa9a430000 	C:\WINDOWS\System32\ucrtbase.dll
0x00007ffa93240000 - 0x00007ffa93259000 	c:\Users\Ayush\.vscode\extensions\redhat.java-1.15.0-win32-x64\jre\17.0.6-win32-x86_64\bin\VCRUNTIME140.dll
0x00007ffa932b0000 - 0x00007ffa932c7000 	c:\Users\Ayush\.vscode\extensions\redhat.java-1.15.0-win32-x64\jre\17.0.6-win32-x86_64\bin\jli.dll
0x00007ffa9a5a0000 - 0x00007ffa9a73d000 	C:\WINDOWS\System32\USER32.dll
0x00007ffa817c0000 - 0x00007ffa81a5a000 	C:\WINDOWS\WinSxS\amd64_microsoft.windows.common-controls_6595b64144ccf1df_6.0.19041.1110_none_60b5254171f9507e\COMCTL32.dll
0x00007ffa9a0d0000 - 0x00007ffa9a0f2000 	C:\WINDOWS\System32\win32u.dll
0x00007ffa9a7c0000 - 0x00007ffa9a85e000 	C:\WINDOWS\System32\msvcrt.dll
0x00007ffa9bfe0000 - 0x00007ffa9c00c000 	C:\WINDOWS\System32\GDI32.dll
0x00007ffa9a170000 - 0x00007ffa9a285000 	C:\WINDOWS\System32\gdi32full.dll
0x00007ffa9a290000 - 0x00007ffa9a32d000 	C:\WINDOWS\System32\msvcp_win.dll
0x00007ffa9c080000 - 0x00007ffa9c0b0000 	C:\WINDOWS\System32\IMM32.DLL
0x00007ffa94310000 - 0x00007ffa9431c000 	c:\Users\Ayush\.vscode\extensions\redhat.java-1.15.0-win32-x64\jre\17.0.6-win32-x86_64\bin\vcruntime140_1.dll
0x00007ffa5ca20000 - 0x00007ffa5cab1000 	c:\Users\Ayush\.vscode\extensions\redhat.java-1.15.0-win32-x64\jre\17.0.6-win32-x86_64\bin\msvcp140.dll
0x00007ffa50340000 - 0x00007ffa50f87000 	c:\Users\Ayush\.vscode\extensions\redhat.java-1.15.0-win32-x64\jre\17.0.6-win32-x86_64\bin\server\jvm.dll
0x00007ffa9bbf0000 - 0x00007ffa9bc9f000 	C:\WINDOWS\System32\ADVAPI32.dll
0x00007ffa9abb0000 - 0x00007ffa9ac4c000 	C:\WINDOWS\System32\sechost.dll
0x00007ffa9a860000 - 0x00007ffa9a986000 	C:\WINDOWS\System32\RPCRT4.dll
0x00007ffa94180000 - 0x00007ffa94189000 	C:\WINDOWS\SYSTEM32\WSOCK32.dll
0x00007ffa92e00000 - 0x00007ffa92e0a000 	C:\WINDOWS\SYSTEM32\VERSION.dll
0x00007ffa9c010000 - 0x00007ffa9c07b000 	C:\WINDOWS\System32\WS2_32.dll
0x00007ffa8d8b0000 - 0x00007ffa8d8d7000 	C:\WINDOWS\SYSTEM32\WINMM.dll
0x00007ffa979d0000 - 0x00007ffa979e2000 	C:\WINDOWS\SYSTEM32\kernel.appcore.dll
0x00007ffa93020000 - 0x00007ffa9302a000 	c:\Users\Ayush\.vscode\extensions\redhat.java-1.15.0-win32-x64\jre\17.0.6-win32-x86_64\bin\jimage.dll
0x00007ffa820a0000 - 0x00007ffa82284000 	C:\WINDOWS\SYSTEM32\DBGHELP.DLL
0x00007ffa7dd80000 - 0x00007ffa7ddb4000 	C:\WINDOWS\SYSTEM32\dbgcore.DLL
0x00007ffa9a040000 - 0x00007ffa9a0c2000 	C:\WINDOWS\System32\bcryptPrimitives.dll
0x00007ffa8c7e0000 - 0x00007ffa8c805000 	c:\Users\Ayush\.vscode\extensions\redhat.java-1.15.0-win32-x64\jre\17.0.6-win32-x86_64\bin\java.dll
0x00007ffa870b0000 - 0x00007ffa870c8000 	c:\Users\Ayush\.vscode\extensions\redhat.java-1.15.0-win32-x64\jre\17.0.6-win32-x86_64\bin\zip.dll
0x00007ffa9afd0000 - 0x00007ffa9b714000 	C:\WINDOWS\System32\SHELL32.dll
0x00007ffa97bd0000 - 0x00007ffa98364000 	C:\WINDOWS\SYSTEM32\windows.storage.dll
0x00007ffa9c0b0000 - 0x00007ffa9c404000 	C:\WINDOWS\System32\combase.dll
0x00007ffa99560000 - 0x00007ffa9958e000 	C:\WINDOWS\SYSTEM32\Wldp.dll
0x00007ffa9ab00000 - 0x00007ffa9abad000 	C:\WINDOWS\System32\SHCORE.dll
0x00007ffa9a540000 - 0x00007ffa9a595000 	C:\WINDOWS\System32\shlwapi.dll
0x00007ffa99a60000 - 0x00007ffa99a85000 	C:\WINDOWS\SYSTEM32\profapi.dll
0x00007ffa87070000 - 0x00007ffa87089000 	C:\Users\Ayush\.vscode\extensions\redhat.java-1.15.0-win32-x64\jre\17.0.6-win32-x86_64\bin\net.dll
0x00007ffa8ed00000 - 0x00007ffa8ee0a000 	C:\WINDOWS\SYSTEM32\WINHTTP.dll
0x00007ffa992c0000 - 0x00007ffa9932a000 	C:\WINDOWS\system32\mswsock.dll
0x00007ffa865e0000 - 0x00007ffa865f5000 	C:\Users\Ayush\.vscode\extensions\redhat.java-1.15.0-win32-x64\jre\17.0.6-win32-x86_64\bin\nio.dll
0x00007ffa994b0000 - 0x00007ffa994c8000 	C:\WINDOWS\SYSTEM32\CRYPTSP.dll
0x00007ffa98b70000 - 0x00007ffa98ba4000 	C:\WINDOWS\system32\rsaenh.dll
0x00007ffa9a430000 - 0x00007ffa9a457000 	C:\WINDOWS\System32\bcrypt.dll
0x00007ffa999e0000 - 0x00007ffa99a0e000 	C:\WINDOWS\SYSTEM32\USERENV.dll
0x00007ffa994d0000 - 0x00007ffa994dc000 	C:\WINDOWS\SYSTEM32\CRYPTBASE.dll
0x00007ffa98f60000 - 0x00007ffa98f9c000 	C:\WINDOWS\SYSTEM32\IPHLPAPI.DLL
0x00007ffa9bca0000 - 0x00007ffa9bca8000 	C:\WINDOWS\System32\NSI.dll
0x00007ffa908e0000 - 0x00007ffa908f7000 	C:\WINDOWS\SYSTEM32\dhcpcsvc6.DLL
0x00007ffa91820000 - 0x00007ffa9183d000 	C:\WINDOWS\SYSTEM32\dhcpcsvc.DLL
0x00007ffa98fa0000 - 0x00007ffa9906a000 	C:\WINDOWS\SYSTEM32\DNSAPI.dll
0x00007ffa8b510000 - 0x00007ffa8b519000 	C:\Users\Ayush\.vscode\extensions\redhat.java-1.15.0-win32-x64\jre\17.0.6-win32-x86_64\bin\management.dll
0x00007ffa8b1f0000 - 0x00007ffa8b1fb000 	C:\Users\Ayush\.vscode\extensions\redhat.java-1.15.0-win32-x64\jre\17.0.6-win32-x86_64\bin\management_ext.dll
0x00007ffa9a9f0000 - 0x00007ffa9a9f8000 	C:\WINDOWS\System32\PSAPI.DLL
0x00007ffa951c0000 - 0x00007ffa951ce000 	C:\Users\Ayush\.vscode\extensions\redhat.java-1.15.0-win32-x64\jre\17.0.6-win32-x86_64\bin\sunmscapi.dll
0x00007ffa99be0000 - 0x00007ffa99d3e000 	C:\WINDOWS\System32\CRYPT32.dll
0x00007ffa995d0000 - 0x00007ffa995f8000 	C:\WINDOWS\SYSTEM32\ncrypt.dll
0x00007ffa99590000 - 0x00007ffa995cb000 	C:\WINDOWS\SYSTEM32\NTASN1.dll
0x00007ffa7fe20000 - 0x00007ffa7fe2a000 	C:\Windows\System32\rasadhlp.dll
0x00007ffa80060000 - 0x00007ffa800e2000 	C:\WINDOWS\System32\fwpuclnt.dll
0x00007ffa8d850000 - 0x00007ffa8d860000 	c:\Users\Ayush\.vscode\extensions\redhat.java-1.15.0-win32-x64\jre\17.0.6-win32-x86_64\bin\verify.dll

dbghelp: loaded successfully - version: 4.0.5 - missing functions: none
symbol engine: initialized successfully - sym options: 0x614 - pdb path: .;c:\Users\Ayush\.vscode\extensions\redhat.java-1.15.0-win32-x64\jre\17.0.6-win32-x86_64\bin;C:\WINDOWS\SYSTEM32;C:\WINDOWS\WinSxS\amd64_microsoft.windows.common-controls_6595b64144ccf1df_6.0.19041.1110_none_60b5254171f9507e;c:\Users\Ayush\.vscode\extensions\redhat.java-1.15.0-win32-x64\jre\17.0.6-win32-x86_64\bin\server

VM Arguments:
jvm_args: -XX:+HeapDumpOnOutOfMemoryError -Xmx1024m -Dsts.lsp.client=vscode -Dsts.log.file=/dev/null -XX:TieredStopAtLevel=1 -Xlog:jni+resolve=off -Dspring.config.location=file:c:\Users\Ayush\.vscode\extensions\vmware.vscode-spring-boot-1.48.0\language-server\BOOT-INF\classes\application.properties 
java_command: org.springframework.ide.vscode.boot.app.BootLanguageServerBootApp
java_class_path (initial): c:\Users\Ayush\.vscode\extensions\vmware.vscode-spring-boot-1.48.0\language-server\BOOT-INF\classes;c:\Users\Ayush\.vscode\extensions\vmware.vscode-spring-boot-1.48.0\language-server\BOOT-INF\lib\annotations-24.0.1.jar;c:\Users\Ayush\.vscode\extensions\vmware.vscode-spring-boot-1.48.0\language-server\BOOT-INF\lib\antlr-runtime-3.5.3.jar;c:\Users\Ayush\.vscode\extensions\vmware.vscode-spring-boot-1.48.0\language-server\BOOT-INF\lib\antlr4-4.11.1.jar;c:\Users\Ayush\.vscode\extensions\vmware.vscode-spring-boot-1.48.0\language-server\BOOT-INF\lib\antlr4-runtime-4.11.1.jar;c:\Users\Ayush\.vscode\extensions\vmware.vscode-spring-boot-1.48.0\language-server\BOOT-INF\lib\archunit-1.0.1.jar;c:\Users\Ayush\.vscode\extensions\vmware.vscode-spring-boot-1.48.0\language-server\BOOT-INF\lib\asm-9.5.jar;c:\Users\Ayush\.vscode\extensions\vmware.vscode-spring-boot-1.48.0\language-server\BOOT-INF\lib\asm-analysis-9.5.jar;c:\Users\Ayush\.vscode\extensions\vmware.vscode-spring-boot-1.48.0\language-server\BOOT-INF\lib\asm-tree-9.5.jar;c:\Users\Ayush\.vscode\extensions\vmware.vscode-spring-boot-1.48.0\language-server\BOOT-INF\lib\asm-util-9.5.jar;c:\Users\Ayush\.vscode\extensions\vmware.vscode-spring-boot-1.48.0\language-server\BOOT-INF\lib\bosh-language-server-1.48.0-SNAPSHOT.jar;c:\Users\Ayush\.vscode\extensions\vmware.vscode-spring-boot-1.48.0\language-server\BOOT-INF\lib\caffeine-3.1.6.jar;c:\Users\Ayush\.vscode\extensions\vmware.vscode-spring-boot-1.48.0\language-server\BOOT-INF\lib\checker-qual-3.12.0.jar;c:\Users\Ayush\.vscode\extensions\vmware.vscode-spring-boot-1.48.0\language-server\BOOT-INF\lib\classgraph-4.8.149.jar;c:\Users\Ayush\.vscode\extensions\vmware.vscode-spring-boot-1.48.0\language-server\BOOT-INF\lib\commons-codec-1.15.jar;c:\Users\Ayush\.vscode\extensions\vmware.vscode-spring-boot-1.48.0\language-server\BOOT-INF\lib\commons-compress-1.23.0.jar;c:\Users\Ayush\.vscode\extensions\vmware.vscode-spring-boot-1.48.0\language-server\BOOT-INF\lib\
Launcher Type: SUN_STANDARD

[Global flags]
     intx CICompilerCount                          = 4                                         {product} {ergonomic}
     uint ConcGCThreads                            = 2                                         {product} {ergonomic}
     uint G1ConcRefinementThreads                  = 8                                         {product} {ergonomic}
   size_t G1HeapRegionSize                         = 1048576                                   {product} {ergonomic}
    uintx GCDrainStackTargetSize                   = 64                                        {product} {ergonomic}
     bool HeapDumpOnOutOfMemoryError               = true                                   {manageable} {command line}
   size_t InitialHeapSize                          = 100663296                                 {product} {ergonomic}
   size_t MarkStackSize                            = 4194304                                   {product} {ergonomic}
   size_t MaxHeapSize                              = 1073741824                                {product} {command line}
   size_t MaxNewSize                               = 643825664                                 {product} {ergonomic}
   size_t MinHeapDeltaBytes                        = 1048576                                   {product} {ergonomic}
   size_t MinHeapSize                              = 8388608                                   {product} {ergonomic}
    uintx NonProfiledCodeHeapSize                  = 0                                      {pd product} {ergonomic}
     bool ProfileInterpreter                       = false                                  {pd product} {command line}
    uintx ProfiledCodeHeapSize                     = 0                                      {pd product} {ergonomic}
   size_t SoftMaxHeapSize                          = 1073741824                             {manageable} {ergonomic}
     intx TieredStopAtLevel                        = 1                                         {product} {command line}
     bool UseCompressedClassPointers               = true                           {product lp64_product} {ergonomic}
     bool UseCompressedOops                        = true                           {product lp64_product} {ergonomic}
     bool UseG1GC                                  = true                                      {product} {ergonomic}
     bool UseLargePagesIndividualAllocation        = false                                  {pd product} {ergonomic}

Logging:
Log output configuration:
 #0: stdout all=warning,jni+resolve=off uptime,level,tags
 #1: stderr all=off uptime,level,tags

Environment Variables:
PATH=C:\Program Files\Common Files\Oracle\Java\javapath;C:\windows\system32;C:\windows;C:\windows\System32\Wbem;C:\windows\System32\WindowsPowerShell\v1.0\;C:\windows\System32\OpenSSH\;C:\Program Files (x86)\NVIDIA Corporation\PhysX\Common;C:\Program Files\NVIDIA Corporation\NVIDIA NvDLISR;C:\php;C:\Program Files\nodejs\;C:\Program Files\Git\cmd;C:\WINDOWS\system32;C:\WINDOWS;C:\WINDOWS\System32\Wbem;C:\WINDOWS\System32\WindowsPowerShell\v1.0\;C:\WINDOWS\System32\OpenSSH\;C:\Program Files\MySQL\MySQL Shell 8.0\bin\;C:\Users\Ayush\AppData\Local\Microsoft\WindowsApps;C:\Program Files\Salesforce CLI\bin;C:\Program Files\sfdx\bin;C:\src\flutter_windows_3.0.1-stable\flutter\bin;C:\Users\Ayush\AppData\Roaming\npm;C:\Users\Ayush\AppData\Local\Programs\Microsoft VS Code\bin;C:\Program Files\MongoDB\Server\6.0\bin;C:\Program Files\mongosh-1.7.1-win32-x64\mongosh-1.7.1-win32-x64\bin;C:\Program Files\MySQL\MySQL Server 8.0\bin;;C:\adb;%SystemRoot%\system32;%SystemRoot%;%SystemRoot%\System32\Wbem;%SYSTEMROOT%\System32\WindowsPowerShell\v1.0\;%SYSTEMROOT%\System32\OpenSSH\;C:\Program Files\MySQL\MySQL Shell 8.0\bin\;C:\Users\Ayush\AppData\Local\Microsoft\WindowsApps;C:\Program Files\Salesforce CLI\bin;C:\Program Files\sfdx\bin;C:\src\flutter_windows_3.0.1-stable\flutter\bin;C:\Users\Ayush\AppData\Roaming\npm;C:\Users\Ayush\AppData\Local\Programs\Microsoft VS Code\bin;C:\Program Files\MongoDB\Server\6.0\bin;C:\Program Files\mongosh-1.7.1-win32-x64\mongosh-1.7.1-win32-x64\bin;C:\Program Files\MySQL\MySQL Server 8.0\bin;C:\xampp\mysql\bin;C:\Program Files\Apache Software Foundation\Tomcat 10.1\bin;
USERNAME=Ayush
OS=Windows_NT
PROCESSOR_IDENTIFIER=AMD64 Family 23 Model 24 Stepping 1, AuthenticAMD
TMP=C:\Users\Ayush\AppData\Local\Temp
TEMP=C:\Users\Ayush\AppData\Local\Temp



---------------  S Y S T E M  ---------------

OS:
 Windows 10 , 64 bit Build 19041 (10.0.19041.3155)
OS uptime: 9 days 6:11 hours

CPU: total 8 (initial active 8) (8 cores per cpu, 2 threads per core) family 23 model 24 stepping 1 microcode 0x0, cx8, cmov, fxsr, ht, mmx, 3dnowpref, sse, sse2, sse3, ssse3, sse4a, sse4.1, sse4.2, popcnt, lzcnt, tsc, tscinvbit, avx, avx2, aes, clmul, bmi1, bmi2, adx, sha, fma, vzeroupper, clflush, clflushopt

Memory: 4k page, system-wide physical 6019M (458M free)
TotalPageFile size 24449M (AvailPageFile size 7918M)
current process WorkingSet (physical memory assigned to process): 248M, peak: 1028M
current process commit charge ("private bytes"): 347M, peak: 1051M

vm_info: OpenJDK 64-Bit Server VM (17.0.6+10) for windows-amd64 JRE (17.0.6+10), built on Jan 18 2023 10:08:59 by "temurin" with MS VC++ 16.7 (VS2019)

END.
